Drill Listing
=============
Drill: .01181  Tool: 1  Feed: 95  Speed: 300
X 202381  Y 202381
X 222381  Y 202381
X 212381  Y 202381
X 202381  Y 212381
X 202381  Y 222381
X 202381  Y 232381
X 212381  Y 232381
X 202381  Y 242381
X 222381  Y 242381
X 212381  Y 242381
X 202381  Y 252381
X 212381  Y 252381
X 222381  Y 252381
X 202381  Y 262381
X 222381  Y 262381
X 212381  Y 262381
X 202381  Y 272381
X 212381  Y 272381
X 222381  Y 272381
X 202381  Y 282381
X 222381  Y 282381
X 212381  Y 282381
X 202381  Y 292381
X 212381  Y 292381
X 222381  Y 292381
X 202381  Y 302381
X 222381  Y 302381
X 212381  Y 302381
X 202381  Y 312381
X 212381  Y 312381
X 222381  Y 312381
X 202381  Y 322381
X 222381  Y 322381
X 212381  Y 322381
X 202381  Y 332381
X 212381  Y 332381
X 222381  Y 332381
X 202381  Y 342381
X 222381  Y 342381
X 212381  Y 342381
X 202381  Y 352381
X 212381  Y 352381
X 222381  Y 352381
X 202381  Y 362381
X 202381  Y 372381
X 222381  Y 372381
X 212381  Y 372381
X 202381  Y 382381
X 222381  Y 382381
X 212381  Y 382381
X 202381  Y 392381
X 202381  Y 402381
X 222381  Y 402381
X 212381  Y 402381
X 202381  Y 412381
X 212381  Y 412381
X 222381  Y 412381
X 202381  Y 422381
X 202381  Y 432381
X 222381  Y 432381
X 212381  Y 432381
X 202381  Y 442381
X 222381  Y 442381
X 212381  Y 442381
X 202381  Y 452381
X 212381  Y 452381
X 222381  Y 452381
X 202381  Y 462381
X 222381  Y 462381
X 212381  Y 462381
X 202381  Y 472381
X 212381  Y 472381
X 222381  Y 472381
X 202381  Y 482381
X 222381  Y 482381
X 212381  Y 482381
X 202381  Y 492381
X 212381  Y 492381
X 222381  Y 492381
X 202381  Y 502381
X 222381  Y 502381
X 212381  Y 502381
X 202381  Y 512381
X 212381  Y 512381
X 222381  Y 512381
X 202381  Y 522381
X 222381  Y 522381
X 212381  Y 522381
X 202381  Y 532381
X 202381  Y 542381
X 217401  Y 550433
X 232559  Y 547519
X 242381  Y 542381
X 242381  Y 532381
X 242381  Y 522381
X 242381  Y 512381
X 242381  Y 502381
X 232381  Y 502381
X 242381  Y 492381
X 232381  Y 492381
X 242381  Y 482381
X 232381  Y 482381
X 242381  Y 472381
X 232381  Y 472381
X 242381  Y 462381
X 232381  Y 462381
X 242381  Y 452381
X 232381  Y 452381
X 232381  Y 442381
X 242381  Y 412381
X 242381  Y 402381
X 242381  Y 382381
X 242381  Y 372381
X 232381  Y 352381
X 242381  Y 342381
X 232381  Y 342381
X 232381  Y 332381
X 242381  Y 322381
X 232381  Y 322381
X 232381  Y 312381
X 242381  Y 312381
X 232381  Y 302381
X 242381  Y 292381
X 232381  Y 292381
X 232381  Y 282381
X 242381  Y 282381
X 242381  Y 272381
X 232381  Y 272381
X 232381  Y 262381
X 242381  Y 262381
X 232381  Y 252381
X 242381  Y 252381
X 242381  Y 242381
X 242381  Y 232381
X 232381  Y 222381
X 242381  Y 222381
X 242381  Y 212381
X 232381  Y 212381
X 232381  Y 202381
X 242381  Y 202381
X 272381  Y 202381
X 262381  Y 202381
X 252381  Y 202381
X 262381  Y 212381
X 252381  Y 212381
X 272381  Y 212381
X 262381  Y 222381
X 252381  Y 222381
X 252381  Y 232381
X 252381  Y 242381
X 252381  Y 252381
X 252381  Y 262381
X 272381  Y 262381
X 252381  Y 272381
X 272381  Y 272381
X 252381  Y 282381
X 252381  Y 292381
X 252381  Y 302381
X 252381  Y 312381
X 252381  Y 322381
X 272913  Y 353779
X 272677  Y 358228
X 252381  Y 362381
X 252381  Y 372381
X 252381  Y 382381
X 252381  Y 392381
X 252381  Y 412381
X 272381  Y 412381
X 272381  Y 422381
X 252381  Y 422381
X 252381  Y 432381
X 272381  Y 432381
X 277244  Y 439133
X 262381  Y 442381
X 272362  Y 443031
X 272362  Y 446023
X 262381  Y 452381
X 262381  Y 462381
X 267440  Y 465393
X 267125  Y 470866
X 262381  Y 472381
X 271968  Y 473070
X 271535  Y 476181
X 273700  Y 479448
X 262381  Y 482381
X 272381  Y 492381
X 262381  Y 492381
X 272381  Y 502381
X 262381  Y 502381
X 267165  Y 511299
X 272381  Y 512381
X 252381  Y 532381
X 272381  Y 532381
X 262381  Y 532381
X 262381  Y 542381
X 252381  Y 542381
X 272381  Y 542381
X 282381  Y 542381
X 282381  Y 532381
X 282381  Y 522381
X 282381  Y 512381
X 292381  Y 512381
X 282381  Y 502381
X 292381  Y 502381
X 299803  Y 492952
X 292381  Y 492381
X 301614  Y 480748
X 301771  Y 476496
X 301968  Y 471929
X 293937  Y 465078
X 299015  Y 460748
X 302125  Y 457362
X 296535  Y 454527
X 289606  Y 451456
X 286850  Y 449645
X 294212  Y 447637
X 282381  Y 432381
X 282381  Y 392381
X 277913  Y 358110
X 282637  Y 357992
X 282716  Y 353937
X 277874  Y 353740
X 292381  Y 332381
X 292381  Y 292381
X 292381  Y 282381
X 297362  Y 275314
X 282381  Y 272381
X 292381  Y 272381
X 282381  Y 262381
X 292381  Y 262381
X 282381  Y 242381
X 282381  Y 232381
X 282381  Y 222381
X 282381  Y 212381
X 292381  Y 212381
X 292381  Y 202381
X 282381  Y 202381
X 302381  Y 202381
X 312381  Y 202381
X 322381  Y 202381
X 302381  Y 212381
X 312381  Y 212381
X 322381  Y 212381
X 302440  Y 257401
X 318385  Y 257401
X 302381  Y 262381
X 322381  Y 262381
X 312381  Y 262381
X 312874  Y 272007
X 316141  Y 272165
X 322381  Y 272381
X 322381  Y 282381
X 302381  Y 282381
X 325551  Y 290196
X 312244  Y 304803
X 324803  Y 304803
X 313307  Y 307834
X 325196  Y 309409
X 313543  Y 310866
X 310551  Y 319881
X 312125  Y 434448
X 308661  Y 434527
X 310393  Y 438661
X 312440  Y 440826
X 313661  Y 443543
X 311023  Y 445826
X 310629  Y 448818
X 315551  Y 452204
X 304527  Y 455078
X 322480  Y 459330
X 322480  Y 462322
X 314094  Y 471771
X 310433  Y 472204
X 306181  Y 472283
X 314094  Y 476181
X 309960  Y 476496
X 305787  Y 476771
X 313582  Y 480748
X 305787  Y 480826
X 309921  Y 480866
X 319803  Y 488779
X 315669  Y 496417
X 302381  Y 502381
X 322381  Y 512381
X 312381  Y 512381
X 322381  Y 522381
X 322381  Y 532381
X 322381  Y 542381
X 342381  Y 542381
X 332381  Y 542381
X 342381  Y 532381
X 332381  Y 532381
X 346732  Y 512637
X 342381  Y 492381
X 331496  Y 472244
X 334842  Y 472086
X 342244  Y 465354
X 344724  Y 434881
X 349881  Y 434685
X 342381  Y 412381
X 332381  Y 412381
X 342381  Y 402381
X 332381  Y 402381
X 342381  Y 392381
X 332381  Y 392381
X 342381  Y 382381
X 332381  Y 382381
X 332381  Y 372381
X 342381  Y 372381
X 328503  Y 352598
X 328503  Y 347047
X 347244  Y 334881
X 343346  Y 334881
X 332381  Y 332381
X 342381  Y 312381
X 332381  Y 312381
X 328897  Y 290236
X 332381  Y 272381
X 332381  Y 262381
X 332381  Y 252381
X 332381  Y 242381
X 332381  Y 232381
X 342381  Y 202381
X 332381  Y 202381
X 372381  Y 202381
X 352381  Y 202381
X 362381  Y 202381
X 362401  Y 220000
X 362381  Y 232381
X 362381  Y 242381
X 362381  Y 252381
X 362381  Y 262381
X 362381  Y 272381
X 372381  Y 272381
X 366811  Y 309173
X 366811  Y 313700
X 372381  Y 332381
X 372381  Y 342381
X 352381  Y 372381
X 352381  Y 382381
X 372381  Y 392381
X 352381  Y 392381
X 372381  Y 402381
X 352381  Y 402381
X 372381  Y 412381
X 362381  Y 412381
X 352381  Y 412381
X 354724  Y 434685
X 362381  Y 472381
X 372381  Y 472381
X 362381  Y 482381
X 372381  Y 482381
X 372381  Y 492381
X 362381  Y 492381
X 362381  Y 512381
X 352381  Y 512381
X 372381  Y 512381
X 372381  Y 522381
X 352381  Y 532381
X 372381  Y 532381
X 362381  Y 532381
X 362381  Y 542381
X 352381  Y 542381
X 372381  Y 542381
X 382381  Y 542381
X 392381  Y 542381
X 382381  Y 532381
X 392381  Y 532381
X 382381  Y 522381
X 382381  Y 512381
X 392381  Y 512381
X 386377  Y 507362
X 392381  Y 502381
X 382381  Y 492381
X 392381  Y 492381
X 382381  Y 482381
X 392381  Y 482381
X 382381  Y 472381
X 392381  Y 472381
X 393267  Y 465748
X 386141  Y 455157
X 397952  Y 443385
X 384685  Y 397283
X 380196  Y 397283
X 380196  Y 393228
X 397834  Y 388464
X 393267  Y 383464
X 392381  Y 372381
X 381850  Y 356850
X 385157  Y 356850
X 382381  Y 342381
X 399685  Y 335078
X 395314  Y 335000
X 382381  Y 332381
X 389921  Y 331535
X 382381  Y 312381
X 386732  Y 305236
X 385314  Y 289803
X 382322  Y 289803
X 400866  Y 218779
X 391417  Y 218740
X 392381  Y 202381
X 382381  Y 202381
X 402381  Y 202381
X 422381  Y 202381
X 412381  Y 202381
X 412795  Y 219173
X 402381  Y 252381
X 412381  Y 262381
X 422381  Y 272381
X 423976  Y 305433
X 424251  Y 309842
X 422381  Y 342381
X 402381  Y 372381
X 422381  Y 372381
X 422381  Y 392381
X 412381  Y 392381
X 402381  Y 392381
X 412381  Y 402381
X 402381  Y 402381
X 422381  Y 402381
X 402381  Y 412381
X 422381  Y 412381
X 412381  Y 412381
X 412480  Y 455944
X 422381  Y 472381
X 402381  Y 472381
X 422381  Y 482381
X 402381  Y 482381
X 402381  Y 492381
X 422381  Y 492381
X 422381  Y 502381
X 402381  Y 502381
X 412480  Y 506299
X 402381  Y 512381
X 422381  Y 512381
X 402381  Y 522381
X 402381  Y 532381
X 422381  Y 532381
X 412381  Y 532381
X 402381  Y 542381
X 422381  Y 542381
X 412381  Y 542381
X 442381  Y 542381
X 432381  Y 542381
X 442381  Y 532381
X 432381  Y 532381
X 432381  Y 522381
X 442381  Y 512381
X 432381  Y 512381
X 438385  Y 506299
X 442381  Y 502381
X 432381  Y 502381
X 442381  Y 492381
X 432381  Y 492381
X 442381  Y 482381
X 432381  Y 482381
X 442381  Y 472381
X 432381  Y 472381
X 438385  Y 458188
X 442381  Y 412381
X 432381  Y 412381
X 432381  Y 402381
X 442381  Y 402381
X 442381  Y 392381
X 432381  Y 392381
X 432381  Y 382381
X 442381  Y 382381
X 442381  Y 372381
X 432381  Y 372381
X 436496  Y 356653
X 440314  Y 356574
X 432381  Y 342381
X 442381  Y 342381
X 449921  Y 333897
X 444606  Y 331574
X 440708  Y 305236
X 439685  Y 289921
X 436417  Y 289921
X 432381  Y 232381
X 442362  Y 219881
X 432401  Y 219685
X 442381  Y 202381
X 432381  Y 202381
X 452381  Y 202381
X 472381  Y 202381
X 462381  Y 202381
X 452992  Y 220314
X 469251  Y 220433
X 472381  Y 232381
X 475866  Y 289803
X 468070  Y 302401
X 468582  Y 307047
X 472381  Y 332381
X 454212  Y 333503
X 462381  Y 342381
X 472381  Y 342381
X 474960  Y 358188
X 462381  Y 372381
X 452381  Y 372381
X 472381  Y 372381
X 462381  Y 382381
X 452381  Y 382381
X 472381  Y 382381
X 462381  Y 392381
X 452381  Y 392381
X 472381  Y 392381
X 452381  Y 402381
X 472381  Y 402381
X 462381  Y 402381
X 462381  Y 412381
X 452381  Y 412381
X 472381  Y 412381
X 473897  Y 442795
X 464566  Y 459803
X 452381  Y 462381
X 472381  Y 462381
X 452381  Y 472381
X 472381  Y 472381
X 452381  Y 482381
X 472381  Y 482381
X 472381  Y 492381
X 452381  Y 492381
X 452381  Y 502381
X 472381  Y 502381
X 464921  Y 505866
X 472381  Y 512381
X 452381  Y 512381
X 452381  Y 522381
X 452381  Y 532381
X 462381  Y 532381
X 472381  Y 532381
X 462381  Y 542381
X 452381  Y 542381
X 472381  Y 542381
X 482381  Y 542381
X 492381  Y 542381
X 482381  Y 532381
X 492381  Y 532381
X 482381  Y 522381
X 482381  Y 512381
X 491377  Y 507047
X 482381  Y 502381
X 482381  Y 492381
X 482381  Y 482381
X 482381  Y 472381
X 482381  Y 462381
X 491259  Y 457637
X 490787  Y 448897
X 495433  Y 447559
X 490314  Y 445944
X 478346  Y 443503
X 490551  Y 442755
X 492381  Y 412381
X 492381  Y 402381
X 497992  Y 397283
X 494448  Y 397283
X 492381  Y 392381
X 499409  Y 391692
X 492381  Y 382381
X 492381  Y 372381
X 478779  Y 358267
X 495000  Y 352047
X 495000  Y 331535
X 479803  Y 326417
X 480000  Y 304960
X 480472  Y 300196
X 478858  Y 289803
X 492381  Y 252381
X 482381  Y 242381
X 481259  Y 219685
X 491732  Y 219448
X 482381  Y 202381
X 492381  Y 202381
X 512381  Y 202381
X 502381  Y 202381
X 522381  Y 202381
X 512598  Y 219173
X 503228  Y 219448
X 522874  Y 219606
X 502381  Y 232381
X 502381  Y 242381
X 512381  Y 242381
X 512381  Y 252381
X 502381  Y 262381
X 520118  Y 266574
X 516889  Y 284685
X 516259  Y 303858
X 526850  Y 341141
X 522381  Y 342381
X 512381  Y 342381
X 510393  Y 350393
X 522381  Y 352381
X 505669  Y 357480
X 512381  Y 362381
X 522381  Y 362381
X 522381  Y 372381
X 512381  Y 372381
X 522381  Y 382381
X 512381  Y 382381
X 522381  Y 392381
X 512381  Y 392381
X 512381  Y 402381
X 522381  Y 402381
X 502381  Y 402381
X 502381  Y 412381
X 512381  Y 422381
X 519173  Y 459842
X 512381  Y 462381
X 522381  Y 462381
X 502381  Y 462381
X 512381  Y 472381
X 522381  Y 472381
X 502381  Y 472381
X 502381  Y 482381
X 522381  Y 482381
X 512381  Y 482381
X 522381  Y 492381
X 502381  Y 492381
X 512381  Y 492381
X 502381  Y 502381
X 522381  Y 502381
X 512381  Y 502381
X 519212  Y 506496
X 512381  Y 512381
X 522381  Y 512381
X 502381  Y 512381
X 512381  Y 522381
X 502381  Y 532381
X 522381  Y 532381
X 512381  Y 532381
X 502381  Y 542381
X 522381  Y 542381
X 512381  Y 542381
X 532381  Y 542381
X 532381  Y 532381
X 532381  Y 522381
X 542381  Y 512381
X 532381  Y 512381
X 542381  Y 502381
X 532381  Y 502381
X 542381  Y 492381
X 532381  Y 492381
X 542381  Y 482381
X 532381  Y 482381
X 532381  Y 472381
X 542381  Y 472381
X 532381  Y 462381
X 542381  Y 462381
X 542381  Y 432381
X 532381  Y 432381
X 542381  Y 422381
X 532381  Y 422381
X 532381  Y 412381
X 542381  Y 412381
X 532381  Y 402381
X 542381  Y 402381
X 532381  Y 392381
X 542381  Y 392381
X 542381  Y 382381
X 532381  Y 382381
X 542381  Y 372381
X 532381  Y 372381
X 542381  Y 362381
X 532381  Y 362381
X 542381  Y 352381
X 532381  Y 352381
X 546732  Y 341141
X 542381  Y 332381
X 542381  Y 322381
X 542381  Y 312381
X 542381  Y 302381
X 542381  Y 282381
X 532381  Y 272381
X 542381  Y 262381
X 542381  Y 242381
X 532834  Y 219488
X 542381  Y 202381
X 532381  Y 202381
X 552381  Y 202381
X 572381  Y 202381
X 562381  Y 202381
X 561968  Y 218779
X 572992  Y 218976
X 562381  Y 242381
X 552381  Y 252381
X 562381  Y 252381
X 562381  Y 262381
X 552381  Y 262381
X 552381  Y 272381
X 572381  Y 272381
X 572381  Y 282381
X 562381  Y 282381
X 572381  Y 292381
X 562381  Y 292381
X 572381  Y 302381
X 572381  Y 312381
X 562381  Y 312381
X 562381  Y 322381
X 572381  Y 322381
X 572381  Y 332381
X 562381  Y 332381
X 572381  Y 342381
X 562381  Y 342381
X 562381  Y 352381
X 572381  Y 352381
X 572381  Y 362381
X 562381  Y 362381
X 572381  Y 372381
X 562381  Y 372381
X 572381  Y 382381
X 552381  Y 402381
X 568503  Y 409370
X 562381  Y 412381
X 552381  Y 412381
X 571338  Y 412440
X 573976  Y 415196
X 576417  Y 417440
X 552381  Y 422381
X 552381  Y 432381
X 564330  Y 444763
X 562677  Y 447795
X 563307  Y 455472
X 563740  Y 461692
X 574645  Y 479488
X 552381  Y 492381
X 568503  Y 501614
X 572381  Y 502381
X 552381  Y 502381
X 562381  Y 502381
X 572381  Y 512381
X 552381  Y 512381
X 582381  Y 542381
X 592381  Y 542381
X 582381  Y 532381
X 592381  Y 532381
X 582381  Y 522381
X 592381  Y 522381
X 582381  Y 512381
X 592381  Y 512381
X 582381  Y 502381
X 592381  Y 502381
X 587716  Y 483740
X 583307  Y 480275
X 582381  Y 472381
X 579251  Y 464488
X 583937  Y 464488
X 589566  Y 463937
X 592716  Y 463779
X 583622  Y 452913
X 586023  Y 450629
X 589330  Y 447795
X 592519  Y 445118
X 600748  Y 424015
X 581141  Y 422598
X 592381  Y 422381
X 583622  Y 420433
X 578858  Y 420039
X 585590  Y 417913
X 592381  Y 412381
X 589488  Y 396456
X 594724  Y 395905
X 582381  Y 392381
X 596496  Y 384370
X 601771  Y 384094
X 582381  Y 382381
X 602125  Y 379448
X 596692  Y 379133
X 602047  Y 373858
X 596614  Y 373740
X 582381  Y 372381
X 582381  Y 362381
X 587401  Y 361062
X 589606  Y 358425
X 592086  Y 355433
X 582381  Y 352381
X 592381  Y 332381
X 582381  Y 332381
X 582381  Y 322381
X 592381  Y 322381
X 592381  Y 312381
X 582381  Y 312381
X 582381  Y 302381
X 592381  Y 302381
X 592381  Y 292381
X 582381  Y 292381
X 582381  Y 282381
X 592381  Y 282381
X 582381  Y 272381
X 592381  Y 272381
X 592381  Y 262381
X 592381  Y 252381
X 592381  Y 242381
X 592598  Y 220118
X 583228  Y 219055
X 592381  Y 202381
X 582381  Y 202381
X 622381  Y 202381
X 612381  Y 202381
X 602381  Y 202381
X 612381  Y 212381
X 622381  Y 212381
X 622381  Y 222381
X 612381  Y 222381
X 612381  Y 232381
X 602381  Y 242381
X 612381  Y 242381
X 602381  Y 252381
X 622381  Y 252381
X 612381  Y 252381
X 622381  Y 262381
X 602381  Y 262381
X 612381  Y 262381
X 602381  Y 272381
X 612381  Y 272381
X 622381  Y 272381
X 602381  Y 282381
X 622381  Y 282381
X 612381  Y 282381
X 612381  Y 292381
X 602381  Y 292381
X 622381  Y 292381
X 612381  Y 302381
X 602381  Y 302381
X 612381  Y 312381
X 602381  Y 312381
X 622381  Y 312381
X 602381  Y 322381
X 612381  Y 322381
X 622381  Y 322381
X 612381  Y 332381
X 622381  Y 332381
X 602381  Y 332381
X 622381  Y 342381
X 612381  Y 352381
X 622381  Y 352381
X 612381  Y 362381
X 622381  Y 362381
X 612381  Y 372381
X 622381  Y 372381
X 622381  Y 382381
X 612381  Y 382381
X 622381  Y 392381
X 612381  Y 392381
X 622381  Y 402381
X 612381  Y 402381
X 602795  Y 403228
X 622381  Y 412381
X 612381  Y 412381
X 612381  Y 422381
X 622381  Y 422381
X 604960  Y 423661
X 622381  Y 432381
X 602381  Y 442381
X 602381  Y 452381
X 622381  Y 492381
X 602381  Y 502381
X 612381  Y 502381
X 622381  Y 502381
X 612381  Y 512381
X 602381  Y 512381
X 602381  Y 522381
X 612381  Y 522381
X 602381  Y 532381
X 612381  Y 532381
X 622381  Y 532381
X 602381  Y 542381
X 622381  Y 542381
X 612381  Y 542381
X 642381  Y 522381
X 632381  Y 522381
X 642381  Y 512381
X 642381  Y 502381
X 632381  Y 502381
X 642381  Y 492381
X 632381  Y 492381
X 642381  Y 482381
X 646141  Y 472519
X 645669  Y 466023
X 632381  Y 462381
X 642381  Y 462381
X 642381  Y 452381
X 632381  Y 442381
X 642381  Y 442381
X 632381  Y 432381
X 642381  Y 432381
X 642381  Y 422381
X 632381  Y 422381
X 642381  Y 412381
X 632381  Y 412381
X 642381  Y 402381
X 632381  Y 402381
X 632381  Y 392381
X 642381  Y 392381
X 642381  Y 382381
X 632381  Y 382381
X 632381  Y 372381
X 642381  Y 372381
X 632381  Y 362381
X 642381  Y 362381
X 632381  Y 352381
X 642381  Y 352381
X 632381  Y 342381
X 642381  Y 342381
X 642381  Y 332381
X 632381  Y 332381
X 632381  Y 322381
X 642381  Y 322381
X 632381  Y 312381
X 642381  Y 312381
X 632381  Y 302381
X 642381  Y 302381
X 632381  Y 292381
X 642381  Y 292381
X 632381  Y 282381
X 642381  Y 282381
X 642381  Y 272381
X 632381  Y 272381
X 642381  Y 262381
X 632381  Y 262381
X 642381  Y 252381
X 632381  Y 252381
X 642381  Y 242381
X 632381  Y 232381
X 642381  Y 232381
X 632381  Y 202381
X 642381  Y 202381
X 652381  Y 202381
X 652381  Y 222381
X 652381  Y 232381
X 652381  Y 242381
X 652381  Y 252381
X 652381  Y 262381
X 652381  Y 272381
X 652381  Y 282381
X 652381  Y 292381
X 652381  Y 302381
X 652381  Y 312381
X 652381  Y 322381
X 652381  Y 332381
X 652381  Y 342381
X 652381  Y 352381
X 652381  Y 362381
X 652381  Y 372381
X 652381  Y 382381
X 652381  Y 392381
X 652381  Y 402381
X 652381  Y 412381
X 652381  Y 422381
X 652381  Y 432381
X 652381  Y 442381
X 652381  Y 452381
X 652381  Y 462381
X 652381  Y 472381
X 652381  Y 482381
X 652381  Y 492381
X 652381  Y 502381
X 652381  Y 512381
X 652381  Y 522381
X 652381  Y 532381
X 652381  Y 542381

Drill: .02756  Tool: 2  Feed: 197  Speed: 550
X 361630  Y 379648
X 361630  Y 389448
X 361630  Y 399248

Drill: .0315  Tool: 3  Feed: 197  Speed: 550
X 270472  Y 228346
X 260472  Y 228346
X 255905  Y 525590
X 263779  Y 525590
X 271653  Y 525590
X 336614  Y 525196
X 346614  Y 525196
X 343858  Y 228464
X 302440  Y 228346
X 312440  Y 228346
X 292440  Y 228346
X 322440  Y 228346
X 375078  Y 228149
X 385078  Y 228149
X 353858  Y 228464
X 386423  Y 525081
X 394297  Y 525081
X 366614  Y 525196
X 356614  Y 525196
X 412270  Y 524991
X 420144  Y 524991
X 438487  Y 524968
X 446361  Y 524968
X 447061  Y 228694
X 407665  Y 228543
X 417665  Y 228543
X 457061  Y 228694
X 478607  Y 228707
X 488607  Y 228707
X 472271  Y 525262
X 464397  Y 525262
X 490928  Y 525398
X 498802  Y 525398
X 518897  Y 525590
X 526771  Y 525590
X 516583  Y 228994
X 508709  Y 228994
X 524457  Y 228994
X 540205  Y 228994
X 532331  Y 228994
X 548079  Y 228994
X 573816  Y 229017
X 565942  Y 229017
X 597438  Y 229017
X 581690  Y 229017
X 589564  Y 229017
X 605312  Y 229017

Drill: .03543  Tool: 4  Feed: 197  Speed: 550
X 330260  Y 503543
X 340260  Y 503543
X 350260  Y 503543
X 360260  Y 503543
X 370260  Y 503543
X 380260  Y 503543

Drill: .05118  Tool: 5  Feed: 107  Speed: 550
X 295186  Y 527067
X 314872  Y 527067
X 305029  Y 536910
X 314872  Y 546752
X 295186  Y 546752

Drill: .05315  Tool: 6  Feed: 107  Speed: 550
X 547165  Y 525078
X 547165  Y 545314
X 567401  Y 545314
X 557283  Y 535196
X 567401  Y 525078

End of Listing
